<?xml version="1.0" encoding="UTF-8"?>
<!-- Generated by org.testng.reporters.JUnitReportReporter -->
<testsuite hostname="Mamga-PC" name="com.org.freecrmtest.LoginPageTest" tests="2" failures="0" timestamp="29 Jan 2019 03:41:41 GMT" time="23.118" errors="0">
  <testcase name="verifyLoginPageTitleTest" time="8.491" classname="com.org.freecrmtest.LoginPageTest"/>
  <testcase name="loginTest" time="14.627" classname="com.org.freecrmtest.LoginPageTest"/>
</testsuite> <!-- com.org.freecrmtest.LoginPageTest -->
