<?xml version="1.0" encoding="UTF-8"?>
<!-- Generated by org.testng.reporters.JUnitReportReporter -->
<testsuite hostname="Mamga-PC" name="com.org.freecrmtest.HomePageTest" tests="2" failures="0" timestamp="29 Jan 2019 05:13:57 GMT" time="23.344" errors="0">
  <testcase name="verifyHomePageTitleTest" time="10.517" classname="com.org.freecrmtest.HomePageTest"/>
  <testcase name="verifyUsernameLabelTest" time="12.827" classname="com.org.freecrmtest.HomePageTest"/>
</testsuite> <!-- com.org.freecrmtest.HomePageTest -->
