<?xml version="1.0" encoding="UTF-8"?>
<!-- Generated by org.testng.reporters.JUnitReportReporter -->
<testsuite skipped="0" hostname="Mamga-PC" name="com.crm.qa.testcases.HomePageTest" tests="4" failures="0" timestamp="02 Mar 2019 22:11:59 GMT" time="44.911" errors="0">
  <testcase name="verifyHomePageTitleTest" time="11.652" classname="com.crm.qa.testcases.HomePageTest"/>
  <testcase name="verifyUsernameLabelTest" time="10.853" classname="com.crm.qa.testcases.HomePageTest"/>
  <testcase name="verifyContactsLinkTest" time="10.935" classname="com.crm.qa.testcases.HomePageTest"/>
  <testcase name="verifyDealsLinkTest" time="11.471" classname="com.crm.qa.testcases.HomePageTest"/>
</testsuite> <!-- com.crm.qa.testcases.HomePageTest -->
