<?xml version="1.0" encoding="UTF-8"?>
<!-- Generated by org.testng.reporters.JUnitReportReporter -->
<testsuite skipped="0" hostname="Mamga-PC" name="com.crm.qa.testcases.ContactsPageTest" tests="7" failures="0" timestamp="24 Mar 2019 00:31:18 GMT" time="89.338" errors="0">
  <testcase name="verifyContactsPageHeader" time="10.970" classname="com.crm.qa.testcases.ContactsPageTest"/>
  <testcase name="verifyCreateNewContacts" time="14.170" classname="com.crm.qa.testcases.ContactsPageTest"/>
  <testcase name="verifyCreateNewContacts" time="14.519" classname="com.crm.qa.testcases.ContactsPageTest"/>
  <testcase name="verifyCreateNewContacts" time="13.683" classname="com.crm.qa.testcases.ContactsPageTest"/>
  <testcase name="verifyDeleteContactByNameTest1" time="12.647" classname="com.crm.qa.testcases.ContactsPageTest"/>
  <testcase name="verifyDeleteContactByNameTest2" time="11.679" classname="com.crm.qa.testcases.ContactsPageTest"/>
  <testcase name="verifyDeleteContactByNameTest3" time="11.670" classname="com.crm.qa.testcases.ContactsPageTest"/>
</testsuite> <!-- com.crm.qa.testcases.ContactsPageTest -->
