<?xml version="1.0" encoding="UTF-8"?>
<!-- Generated by org.testng.reporters.JUnitReportReporter -->
<testsuite skipped="0" hostname="Mamga-PC" name="com.crm.qa.testcases.DealsPageTest" tests="5" failures="0" timestamp="02 Mar 2019 22:11:59 GMT" time="73.196" errors="0">
  <testcase name="verifyCreateNewDeals" time="15.144" classname="com.crm.qa.testcases.DealsPageTest"/>
  <testcase name="verifyCreateNewDeals" time="14.808" classname="com.crm.qa.testcases.DealsPageTest"/>
  <testcase name="verifyCreateNewDeals" time="14.828" classname="com.crm.qa.testcases.DealsPageTest"/>
  <testcase name="verifyCreateNewDeals" time="15.621" classname="com.crm.qa.testcases.DealsPageTest"/>
  <testcase name="verifyDealsPageHeader" time="12.795" classname="com.crm.qa.testcases.DealsPageTest"/>
</testsuite> <!-- com.crm.qa.testcases.DealsPageTest -->
