<?xml version="1.0" encoding="UTF-8"?>
<!-- Generated by org.testng.reporters.JUnitReportReporter -->
<testsuite skipped="0" hostname="Mamga-PC" name="com.crm.qa.testcases.HomePageTest" tests="4" failures="0" timestamp="23 Feb 2019 23:35:08 GMT" time="44.613" errors="0">
  <testcase name="verifyHomePageTitleTest" time="10.742" classname="com.crm.qa.testcases.HomePageTest"/>
  <testcase name="verifyUsernameLabelTest" time="10.163" classname="com.crm.qa.testcases.HomePageTest"/>
  <testcase name="verifyContactsLinkTest" time="12.575" classname="com.crm.qa.testcases.HomePageTest"/>
  <testcase name="verifyDealsLinkTest" time="11.133" classname="com.crm.qa.testcases.HomePageTest"/>
</testsuite> <!-- com.crm.qa.testcases.HomePageTest -->
