<?xml version="1.0" encoding="UTF-8"?>
<!-- Generated by org.testng.reporters.JUnitReportReporter -->
<testsuite skipped="0" hostname="Mamga-PC" name="com.crm.qa.testcases.LoginPageTest" tests="2" failures="0" timestamp="23 Feb 2019 23:35:08 GMT" time="15.758" errors="0">
  <testcase name="verifyLoginPageTitleTest" time="5.102" classname="com.crm.qa.testcases.LoginPageTest"/>
  <testcase name="loginTest" time="10.656" classname="com.crm.qa.testcases.LoginPageTest"/>
</testsuite> <!-- com.crm.qa.testcases.LoginPageTest -->
