<?xml version="1.0" encoding="UTF-8"?>
<!-- Generated by org.testng.reporters.JUnitReportReporter -->
<testsuite hostname="Mamga-PC" name="com.org.crmtest.HomePageTest" tests="2" failures="0" timestamp="31 Jan 2019 05:40:46 GMT" time="21.954" errors="0">
  <testcase name="verifyHomePageTitleTest" time="11.027" classname="com.org.crmtest.HomePageTest"/>
  <testcase name="verifyUsernameLabelTest" time="10.927" classname="com.org.crmtest.HomePageTest"/>
</testsuite> <!-- com.org.crmtest.HomePageTest -->
