<?xml version="1.0" encoding="UTF-8"?>
<!-- Generated by org.testng.reporters.JUnitReportReporter -->
<testsuite skipped="0" hostname="Mamga-PC" name="com.crm.qa.testcases.DealsPageTest" tests="3" failures="0" timestamp="24 Mar 2019 00:31:18 GMT" time="39.831" errors="0">
  <testcase name="verifyExtractDealsData" time="14.855" classname="com.crm.qa.testcases.DealsPageTest"/>
  <testcase name="verifyPrintingDealsTableData" time="13.998" classname="com.crm.qa.testcases.DealsPageTest"/>
  <testcase name="verifyDealsPageHeader" time="10.978" classname="com.crm.qa.testcases.DealsPageTest"/>
</testsuite> <!-- com.crm.qa.testcases.DealsPageTest -->
