<?xml version="1.0" encoding="UTF-8"?>
<!-- Generated by org.testng.reporters.JUnitReportReporter -->
<testsuite skipped="0" hostname="Mamga-PC" name="com.crm.qa.testcases.LoginPageDataDrivenTest" tests="2" failures="0" timestamp="02 Mar 2019 22:15:17 GMT" time="22.407" errors="0">
  <testcase name="loginToFreeCRM" time="10.697" classname="com.crm.qa.testcases.LoginPageDataDrivenTest"/>
  <testcase name="loginToFreeCRM" time="11.710" classname="com.crm.qa.testcases.LoginPageDataDrivenTest"/>
</testsuite> <!-- com.crm.qa.testcases.LoginPageDataDrivenTest -->
