<?xml version="1.0" encoding="UTF-8"?>
<!-- Generated by org.testng.reporters.JUnitReportReporter -->
<testsuite skipped="0" hostname="Mamga-PC" name="com.crm.qa.testcases.LoginPageTest" tests="2" failures="0" timestamp="02 Mar 2019 22:11:59 GMT" time="16.756" errors="0">
  <testcase name="verifyLoginPageTitleTest" time="5.747" classname="com.crm.qa.testcases.LoginPageTest"/>
  <testcase name="loginTest" time="11.009" classname="com.crm.qa.testcases.LoginPageTest"/>
</testsuite> <!-- com.crm.qa.testcases.LoginPageTest -->
