<?xml version="1.0" encoding="UTF-8"?>
<!-- Generated by org.testng.reporters.JUnitReportReporter -->
<testsuite skipped="0" hostname="Mamga-PC" name="com.crm.qa.testcases.HomePageTest" tests="4" failures="0" timestamp="24 Mar 2019 00:31:18 GMT" time="44.015" errors="0">
  <testcase name="verifyHomePageTitleTest" time="11.862" classname="com.crm.qa.testcases.HomePageTest"/>
  <testcase name="verifyUsernameLabelTest" time="10.281" classname="com.crm.qa.testcases.HomePageTest"/>
  <testcase name="verifyContactsLinkTest" time="10.861" classname="com.crm.qa.testcases.HomePageTest"/>
  <testcase name="verifyDealsLinkTest" time="11.011" classname="com.crm.qa.testcases.HomePageTest"/>
</testsuite> <!-- com.crm.qa.testcases.HomePageTest -->
