<?xml version="1.0" encoding="UTF-8"?>
<!-- Generated by org.testng.reporters.JUnitReportReporter -->
<testsuite skipped="0" hostname="Mamga-PC" name="com.crm.qa.testcases.ContactsPageTest" tests="6" failures="0" timestamp="02 Mar 2019 22:35:10 GMT" time="78.823" errors="0">
  <testcase name="verifyContactsPageHeader" time="11.244" classname="com.crm.qa.testcases.ContactsPageTest"/>
  <testcase name="verifyCreateNewContacts" time="13.615" classname="com.crm.qa.testcases.ContactsPageTest"/>
  <testcase name="verifyCreateNewContacts" time="14.200" classname="com.crm.qa.testcases.ContactsPageTest"/>
  <testcase name="verifyCreateNewContacts" time="14.694" classname="com.crm.qa.testcases.ContactsPageTest"/>
  <testcase name="verifyDeleteContactByNameTest1" time="12.498" classname="com.crm.qa.testcases.ContactsPageTest"/>
  <testcase name="verifyDeleteContactByNameTest2" time="12.572" classname="com.crm.qa.testcases.ContactsPageTest"/>
</testsuite> <!-- com.crm.qa.testcases.ContactsPageTest -->
