<?xml version="1.0" encoding="UTF-8"?>
<!-- Generated by org.testng.reporters.JUnitReportReporter -->
<testsuite skipped="0" hostname="Mamga-PC" name="com.crm.qa.testcases.LoginPageDataDrivenTest" tests="2" failures="0" timestamp="23 Feb 2019 23:35:08 GMT" time="21.349" errors="0">
  <testcase name="loginToFreeCRM" time="11.031" classname="com.crm.qa.testcases.LoginPageDataDrivenTest"/>
  <testcase name="loginToFreeCRM" time="10.318" classname="com.crm.qa.testcases.LoginPageDataDrivenTest"/>
</testsuite> <!-- com.crm.qa.testcases.LoginPageDataDrivenTest -->
