<?xml version="1.0" encoding="UTF-8"?>
<!-- Generated by org.testng.reporters.JUnitReportReporter -->
<testsuite skipped="0" hostname="Mamga-PC" name="com.crm.qa.testcases.ContactsPageTest" tests="4" failures="0" timestamp="24 Feb 2019 00:45:02 GMT" time="58.997" errors="0">
  <testcase name="verifyContactsPageHeader" time="12.768" classname="com.crm.qa.testcases.ContactsPageTest"/>
  <testcase name="verifyCreateNewContacts" time="15.632" classname="com.crm.qa.testcases.ContactsPageTest"/>
  <testcase name="verifyCreateNewContacts" time="12.927" classname="com.crm.qa.testcases.ContactsPageTest"/>
  <testcase name="verifyCreateNewContacts" time="17.670" classname="com.crm.qa.testcases.ContactsPageTest"/>
</testsuite> <!-- com.crm.qa.testcases.ContactsPageTest -->
