<?xml version="1.0" encoding="UTF-8"?>
<!-- Generated by org.testng.reporters.JUnitReportReporter -->
<testsuite skipped="0" hostname="Mamga-PC" name="com.crm.qa.testcases.DealsPageTest" tests="5" failures="0" timestamp="23 Feb 2019 23:35:08 GMT" time="63.924" errors="0">
  <testcase name="verifyCreateNewDeals" time="12.954" classname="com.crm.qa.testcases.DealsPageTest"/>
  <testcase name="verifyCreateNewDeals" time="13.542" classname="com.crm.qa.testcases.DealsPageTest"/>
  <testcase name="verifyCreateNewDeals" time="13.647" classname="com.crm.qa.testcases.DealsPageTest"/>
  <testcase name="verifyCreateNewDeals" time="12.994" classname="com.crm.qa.testcases.DealsPageTest"/>
  <testcase name="verifyDealsPageHeader" time="10.787" classname="com.crm.qa.testcases.DealsPageTest"/>
</testsuite> <!-- com.crm.qa.testcases.DealsPageTest -->
