<?xml version="1.0" encoding="UTF-8"?>
<!-- Generated by org.testng.reporters.JUnitReportReporter -->
<testsuite skipped="0" hostname="Mamga-PC" name="com.crm.qa.testcases.LoginPageTest" tests="2" failures="0" timestamp="24 Mar 2019 00:31:18 GMT" time="16.129" errors="0">
  <testcase name="verifyLoginPageTitleTest" time="5.536" classname="com.crm.qa.testcases.LoginPageTest"/>
  <testcase name="loginTest" time="10.593" classname="com.crm.qa.testcases.LoginPageTest"/>
</testsuite> <!-- com.crm.qa.testcases.LoginPageTest -->
