<?xml version="1.0" encoding="UTF-8"?>
<!-- Generated by org.testng.reporters.JUnitReportReporter -->
<testsuite skipped="0" hostname="Mamga-PC" name="com.crm.qa.testcases.LoginPageDataDrivenTest" tests="2" failures="0" timestamp="24 Mar 2019 00:31:18 GMT" time="21.965" errors="0">
  <testcase name="loginToFreeCRM" time="10.178" classname="com.crm.qa.testcases.LoginPageDataDrivenTest"/>
  <testcase name="loginToFreeCRM" time="11.787" classname="com.crm.qa.testcases.LoginPageDataDrivenTest"/>
</testsuite> <!-- com.crm.qa.testcases.LoginPageDataDrivenTest -->
