<?xml version="1.0" encoding="UTF-8"?>
<!-- Generated by org.testng.reporters.JUnitReportReporter -->
<testsuite hostname="Mamga-PC" name="com.org.crmtest.ContactsPageTest" tests="2" failures="0" timestamp="1 Feb 2019 05:40:22 GMT" time="24.602" errors="0">
  <testcase name="verifyContactsPageHeader" time="12.792" classname="com.org.crmtest.ContactsPageTest"/>
  <testcase name="verifyContactPhone" time="11.810" classname="com.org.crmtest.ContactsPageTest"/>
</testsuite> <!-- com.org.crmtest.ContactsPageTest -->
