<?xml version="1.0" encoding="UTF-8"?>
<!-- Generated by org.testng.reporters.JUnitReportReporter -->
<testsuite hostname="Mamga-PC" name="com.org.crmtest.LoginPageTest" tests="2" failures="0" timestamp="31 Jan 2019 05:40:02 GMT" time="20.287" errors="0">
  <testcase name="loginTest" time="12.834" classname="com.org.crmtest.LoginPageTest"/>
  <testcase name="verifyLoginPageTitleTest" time="7.453" classname="com.org.crmtest.LoginPageTest"/>
</testsuite> <!-- com.org.crmtest.LoginPageTest -->
