<?xml version="1.0" encoding="UTF-8"?>
<testsuite xmlns:xsi="http://www.w3.org/2001/XMLSchema-instance" xsi:schemaLocation="https://maven.apache.org/surefire/maven-surefire-plugin/xsd/surefire-test-report.xsd" name="TestSuite" time="3.331" tests="41" errors="0" skipped="34" failures="6">
  <properties>
    <property name="java.runtime.name" value="Java(TM) SE Runtime Environment"/>
    <property name="sun.boot.library.path" value="C:\Program Files\Java\jdk1.8.0_181\jre\bin"/>
    <property name="java.vm.version" value="25.181-b13"/>
    <property name="java.vm.vendor" value="Oracle Corporation"/>
    <property name="maven.multiModuleProjectDirectory" value="C:\Users\Mamga\git\repository\crmtest"/>
    <property name="java.vendor.url" value="http://java.oracle.com/"/>
    <property name="path.separator" value=";"/>
    <property name="guice.disable.misplaced.annotation.check" value="true"/>
    <property name="java.vm.name" value="Java HotSpot(TM) 64-Bit Server VM"/>
    <property name="file.encoding.pkg" value="sun.io"/>
    <property name="user.script" value=""/>
    <property name="user.country" value="US"/>
    <property name="sun.java.launcher" value="SUN_STANDARD"/>
    <property name="sun.os.patch.level" value="Service Pack 1"/>
    <property name="java.vm.specification.name" value="Java Virtual Machine Specification"/>
    <property name="user.dir" value="C:\Users\Mamga\git\repository\crmtest\target"/>
    <property name="java.runtime.version" value="1.8.0_181-b13"/>
    <property name="java.awt.graphicsenv" value="sun.awt.Win32GraphicsEnvironment"/>
    <property name="basedir" value="C:\Users\Mamga\git\repository\crmtest"/>
    <property name="java.endorsed.dirs" value="C:\Program Files\Java\jdk1.8.0_181\jre\lib\endorsed"/>
    <property name="os.arch" value="amd64"/>
    <property name="java.io.tmpdir" value="C:\Users\Mamga\AppData\Local\Temp\"/>
    <property name="line.separator" value="&#10;"/>
    <property name="java.vm.specification.vendor" value="Oracle Corporation"/>
    <property name="user.variant" value=""/>
    <property name="os.name" value="Windows 7"/>
    <property name="classworlds.conf" value="C:\Users\Mamga\eclipse-ws\.metadata\.plugins\org.eclipse.m2e.launching\launches\m2conf7361808394656022047.tmp"/>
    <property name="sun.jnu.encoding" value="Cp1252"/>
    <property name="java.library.path" value="C:\Program Files\Java\jdk1.8.0_181\bin;C:\Windows\Sun\Java\bin;C:\Windows\system32;C:\Windows;C:/Program Files/Java/jre1.8.0_191/bin/server;C:/Program Files/Java/jre1.8.0_191/bin;C:/Program Files/Java/jre1.8.0_191/lib/amd64;C:\Program Files (x86)\Common Files\Oracle\Java\javapath;C:\Windows\system32;C:\Windows;C:\Windows\System32\Wbem;C:\Windows\System32\WindowsPowerShell\v1.0\;C:\Program Files\Java\jdk1.8.0_181\bin;C:\Program Files\apache-ant-1.10.5\bin;C:\Program Files\Git\cmd;C:\Program Files (x86)\WinAnt\bin;C:\Program Files\apache-maven-3.6.0\bin;C:\Users\Mamga\Desktop;;."/>
    <property name="surefire.test.class.path" value="C:\Users\Mamga\git\repository\crmtest\target\test-classes;C:\Users\Mamga\git\repository\crmtest\target\classes;C:\Users\Mamga\.m2\repository\org\apache\velocity\velocity\1.7\velocity-1.7.jar;C:\Users\Mamga\.m2\repository\commons-collections\commons-collections\3.2.1\commons-collections-3.2.1.jar;C:\Users\Mamga\.m2\repository\commons-lang\commons-lang\2.4\commons-lang-2.4.jar;C:\Users\Mamga\.m2\repository\junit\junit\4.12\junit-4.12.jar;C:\Users\Mamga\.m2\repository\org\hamcrest\hamcrest-core\1.3\hamcrest-core-1.3.jar;C:\Users\Mamga\.m2\repository\org\seleniumhq\selenium\selenium-java\3.141.5\selenium-java-3.141.5.jar;C:\Users\Mamga\.m2\repository\org\seleniumhq\selenium\selenium-api\3.141.5\selenium-api-3.141.5.jar;C:\Users\Mamga\.m2\repository\org\seleniumhq\selenium\selenium-chrome-driver\3.141.5\selenium-chrome-driver-3.141.5.jar;C:\Users\Mamga\.m2\repository\org\seleniumhq\selenium\selenium-edge-driver\3.141.5\selenium-edge-driver-3.141.5.jar;C:\Users\Mamga\.m2\repository\org\seleniumhq\selenium\selenium-firefox-driver\3.141.5\selenium-firefox-driver-3.141.5.jar;C:\Users\Mamga\.m2\repository\org\seleniumhq\selenium\selenium-ie-driver\3.141.5\selenium-ie-driver-3.141.5.jar;C:\Users\Mamga\.m2\repository\org\seleniumhq\selenium\selenium-opera-driver\3.141.5\selenium-opera-driver-3.141.5.jar;C:\Users\Mamga\.m2\repository\org\seleniumhq\selenium\selenium-remote-driver\3.141.5\selenium-remote-driver-3.141.5.jar;C:\Users\Mamga\.m2\repository\org\seleniumhq\selenium\selenium-safari-driver\3.141.5\selenium-safari-driver-3.141.5.jar;C:\Users\Mamga\.m2\repository\org\seleniumhq\selenium\selenium-support\3.141.5\selenium-support-3.141.5.jar;C:\Users\Mamga\.m2\repository\net\bytebuddy\byte-buddy\1.8.15\byte-buddy-1.8.15.jar;C:\Users\Mamga\.m2\repository\org\apache\commons\commons-exec\1.3\commons-exec-1.3.jar;C:\Users\Mamga\.m2\repository\com\google\guava\guava\25.0-jre\guava-25.0-jre.jar;C:\Users\Mamga\.m2\repository\com\google\code\findbugs\jsr305\1.3.9\jsr305-1.3.9.jar;C:\Users\Mamga\.m2\repository\org\checkerframework\checker-compat-qual\2.0.0\checker-compat-qual-2.0.0.jar;C:\Users\Mamga\.m2\repository\com\google\errorprone\error_prone_annotations\2.1.3\error_prone_annotations-2.1.3.jar;C:\Users\Mamga\.m2\repository\com\google\j2objc\j2objc-annotations\1.1\j2objc-annotations-1.1.jar;C:\Users\Mamga\.m2\repository\org\codehaus\mojo\animal-sniffer-annotations\1.14\animal-sniffer-annotations-1.14.jar;C:\Users\Mamga\.m2\repository\com\squareup\okhttp3\okhttp\3.11.0\okhttp-3.11.0.jar;C:\Users\Mamga\.m2\repository\com\squareup\okio\okio\1.14.0\okio-1.14.0.jar;C:\Users\Mamga\.m2\repository\org\testng\testng\6.11\testng-6.11.jar;C:\Users\Mamga\.m2\repository\com\beust\jcommander\1.64\jcommander-1.64.jar;C:\Users\Mamga\.m2\repository\org\yaml\snakeyaml\1.17\snakeyaml-1.17.jar;C:\Users\Mamga\.m2\repository\org\apache\poi\poi\3.9\poi-3.9.jar;C:\Users\Mamga\.m2\repository\commons-codec\commons-codec\1.5\commons-codec-1.5.jar;C:\Users\Mamga\.m2\repository\org\apache\poi\poi-ooxml\3.9\poi-ooxml-3.9.jar;C:\Users\Mamga\.m2\repository\dom4j\dom4j\1.6.1\dom4j-1.6.1.jar;C:\Users\Mamga\.m2\repository\xml-apis\xml-apis\1.0.b2\xml-apis-1.0.b2.jar;C:\Users\Mamga\.m2\repository\org\apache\poi\poi-ooxml-schemas\3.9\poi-ooxml-schemas-3.9.jar;C:\Users\Mamga\.m2\repository\org\apache\poi\poi-scratchpad\3.9\poi-scratchpad-3.9.jar;C:\Users\Mamga\.m2\repository\org\apache\poi\ooxml-schemas\1.1\ooxml-schemas-1.1.jar;C:\Users\Mamga\.m2\repository\org\apache\poi\openxml4j\1.0-beta\openxml4j-1.0-beta.jar;C:\Users\Mamga\.m2\repository\log4j\log4j\1.2.8\log4j-1.2.8.jar;C:\Users\Mamga\.m2\repository\org\apache\maven\surefire\surefire-junit47\2.19.1\surefire-junit47-2.19.1.jar;C:\Users\Mamga\.m2\repository\org\apache\maven\surefire\common-junit48\2.19.1\common-junit48-2.19.1.jar;C:\Users\Mamga\.m2\repository\org\apache\maven\surefire\common-junit4\2.19.1\common-junit4-2.19.1.jar;C:\Users\Mamga\.m2\repository\org\apache\maven\surefire\common-junit3\2.19.1\common-junit3-2.19.1.jar;C:\Users\Mamga\.m2\repository\org\apache\maven\surefire\common-java5\2.19.1\common-java5-2.19.1.jar;C:\Users\Mamga\.m2\repository\org\apache\maven\shared\maven-shared-utils\0.9\maven-shared-utils-0.9.jar;C:\Users\Mamga\.m2\repository\org\apache\maven\surefire\surefire-grouper\2.19.1\surefire-grouper-2.19.1.jar;C:\Users\Mamga\.m2\repository\org\apache\maven\surefire\surefire-api\2.19.1\surefire-api-2.19.1.jar;C:\Users\Mamga\.m2\repository\org\uncommons\reportng\1.1.4\reportng-1.1.4.jar;C:\Users\Mamga\.m2\repository\velocity\velocity\1.4\velocity-1.4.jar;C:\Users\Mamga\.m2\repository\velocity\velocity-dep\1.4\velocity-dep-1.4.jar;C:\Users\Mamga\.m2\repository\com\google\inject\guice\3.0\guice-3.0.jar;C:\Users\Mamga\.m2\repository\javax\inject\javax.inject\1\javax.inject-1.jar;C:\Users\Mamga\.m2\repository\aopalliance\aopalliance\1.0\aopalliance-1.0.jar;C:\Users\Mamga\.m2\repository\org\apache\xmlbeans\xmlbeans\2.6.0\xmlbeans-2.6.0.jar;C:\Users\Mamga\.m2\repository\stax\stax-api\1.0.1\stax-api-1.0.1.jar;C:\Users\Mamga\.m2\repository\commons-io\commons-io\2.6\commons-io-2.6.jar;C:\Users\Mamga\.m2\repository\com\relevantcodes\extentreports\2.41.2\extentreports-2.41.2.jar;C:\Users\Mamga\.m2\repository\org\jsoup\jsoup\1.8.3\jsoup-1.8.3.jar;C:\Users\Mamga\.m2\repository\org\xerial\sqlite-jdbc\3.8.11.1\sqlite-jdbc-3.8.11.1.jar;C:\Users\Mamga\.m2\repository\org\freemarker\freemarker\2.3.23\freemarker-2.3.23.jar;C:\Users\Mamga\.m2\repository\org\mongodb\mongodb-driver\3.0.4\mongodb-driver-3.0.4.jar;C:\Users\Mamga\.m2\repository\org\mongodb\bson\3.0.4\bson-3.0.4.jar;C:\Users\Mamga\.m2\repository\org\mongodb\mongodb-driver-core\3.0.4\mongodb-driver-core-3.0.4.jar;C:\Users\Mamga\.m2\repository\org\apache\maven\surefire\surefire-testng-utils\2.19.1\surefire-testng-utils-2.19.1.jar;C:\Users\Mamga\.m2\repository\org\apache\maven\surefire\surefire-grouper\2.19.1\surefire-grouper-2.19.1.jar;"/>
    <property name="java.specification.name" value="Java Platform API Specification"/>
    <property name="java.class.version" value="52.0"/>
    <property name="sun.management.compiler" value="HotSpot 64-Bit Tiered Compilers"/>
    <property name="os.version" value="6.1"/>
    <property name="user.home" value="C:\Users\Mamga"/>
    <property name="user.timezone" value="America/Los_Angeles"/>
    <property name="java.awt.printerjob" value="sun.awt.windows.WPrinterJob"/>
    <property name="java.specification.version" value="1.8"/>
    <property name="file.encoding" value="Cp1252"/>
    <property name="user.name" value="Mamga"/>
    <property name="java.class.path" value="C:\Users\Mamga\.p2\pool\plugins\org.eclipse.m2e.maven.runtime_1.10.0.20181127-2120\jars\plexus-classworlds-2.5.2.jar"/>
    <property name="java.vm.specification.version" value="1.8"/>
    <property name="sun.arch.data.model" value="64"/>
    <property name="java.home" value="C:\Program Files\Java\jdk1.8.0_181\jre"/>
    <property name="sun.java.command" value="org.codehaus.plexus.classworlds.launcher.Launcher -B clean install"/>
    <property name="java.specification.vendor" value="Oracle Corporation"/>
    <property name="user.language" value="en"/>
    <property name="awt.toolkit" value="sun.awt.windows.WToolkit"/>
    <property name="java.vm.info" value="mixed mode"/>
    <property name="java.version" value="1.8.0_181"/>
    <property name="java.ext.dirs" value="C:\Program Files\Java\jdk1.8.0_181\jre\lib\ext;C:\Windows\Sun\Java\lib\ext"/>
    <property name="sun.boot.class.path" value="C:\Program Files\Java\jdk1.8.0_181\jre\lib\resources.jar;C:\Program Files\Java\jdk1.8.0_181\jre\lib\rt.jar;C:\Program Files\Java\jdk1.8.0_181\jre\lib\sunrsasign.jar;C:\Program Files\Java\jdk1.8.0_181\jre\lib\jsse.jar;C:\Program Files\Java\jdk1.8.0_181\jre\lib\jce.jar;C:\Program Files\Java\jdk1.8.0_181\jre\lib\charsets.jar;C:\Program Files\Java\jdk1.8.0_181\jre\lib\jfr.jar;C:\Program Files\Java\jdk1.8.0_181\jre\classes"/>
    <property name="java.vendor" value="Oracle Corporation"/>
    <property name="maven.home" value="C:\Users\Mamga\git\repository\crmtest\EMBEDDED"/>
    <property name="localRepository" value="C:\Users\Mamga\.m2\repository"/>
    <property name="file.separator" value="\"/>
    <property name="java.vendor.url.bug" value="http://bugreport.sun.com/bugreport/"/>
    <property name="sun.cpu.endian" value="little"/>
    <property name="sun.io.unicode.encoding" value="UnicodeLittle"/>
    <property name="sun.desktop" value="windows"/>
    <property name="sun.cpu.isalist" value="amd64"/>
  </properties>
  <testcase name="setUp" classname="com.crm.qa.testcases.DealsPageTest" time="0.552">
    <failure type="java.lang.NullPointerException">java.lang.NullPointerException
	at com.crm.qa.testcases.DealsPageTest.setUp(DealsPageTest.java:38)
</failure>
    <system-err><![CDATA[java.io.FileNotFoundException: C:\Users\Mamga\git\repository\crmtest\target\src\main\java\com\crm\qa\config\config.properties (The system cannot find the path specified)
	at java.io.FileInputStream.open0(Native Method)
	at java.io.FileInputStream.open(FileInputStream.java:195)
	at java.io.FileInputStream.<init>(FileInputStream.java:138)
	at java.io.FileInputStream.<init>(FileInputStream.java:93)
	at com.crm.qa.base.TestBase.<init>(TestBase.java:30)
	at com.crm.qa.testcases.LoginPageTest.<init>(LoginPageTest.java:25)
	at sun.reflect.NativeConstructorAccessorImpl.newInstance0(Native Method)
	at sun.reflect.NativeConstructorAccessorImpl.newInstance(NativeConstructorAccessorImpl.java:62)
	at sun.reflect.DelegatingConstructorAccessorImpl.newInstance(DelegatingConstructorAccessorImpl.java:45)
	at java.lang.reflect.Constructor.newInstance(Constructor.java:423)
	at org.testng.internal.ObjectFactoryImpl.newInstance(ObjectFactoryImpl.java:23)
	at org.testng.internal.ClassHelper.createInstance1(ClassHelper.java:410)
	at org.testng.internal.ClassHelper.createInstance(ClassHelper.java:323)
	at org.testng.internal.ClassImpl.getDefaultInstance(ClassImpl.java:126)
	at org.testng.internal.ClassImpl.getInstances(ClassImpl.java:191)
	at org.testng.TestClass.getInstances(TestClass.java:99)
	at org.testng.TestClass.initTestClassesAndInstances(TestClass.java:85)
	at org.testng.TestClass.init(TestClass.java:77)
	at org.testng.TestClass.<init>(TestClass.java:42)
	at org.testng.TestRunner.initMethods(TestRunner.java:423)
	at org.testng.TestRunner.init(TestRunner.java:250)
	at org.testng.TestRunner.init(TestRunner.java:220)
	at org.testng.TestRunner.<init>(TestRunner.java:161)
	at org.testng.SuiteRunner$DefaultTestRunnerFactory.newTestRunner(SuiteRunner.java:578)
	at org.testng.SuiteRunner.init(SuiteRunner.java:185)
	at org.testng.SuiteRunner.<init>(SuiteRunner.java:131)
	at org.testng.TestNG.createSuiteRunner(TestNG.java:1383)
	at org.testng.TestNG.createSuiteRunners(TestNG.java:1363)
	at org.testng.TestNG.runSuitesLocally(TestNG.java:1217)
	at org.testng.TestNG.runSuites(TestNG.java:1144)
	at org.testng.TestNG.run(TestNG.java:1115)
	at org.apache.maven.surefire.testng.TestNGExecutor.run(TestNGExecutor.java:281)
	at org.apache.maven.surefire.testng.TestNGXmlTestSuite.execute(TestNGXmlTestSuite.java:75)
	at org.apache.maven.surefire.testng.TestNGProvider.invoke(TestNGProvider.java:121)
	at sun.reflect.NativeMethodAccessorImpl.invoke0(Native Method)
	at sun.reflect.NativeMethodAccessorImpl.invoke(NativeMethodAccessorImpl.java:62)
	at sun.reflect.DelegatingMethodAccessorImpl.invoke(DelegatingMethodAccessorImpl.java:43)
	at java.lang.reflect.Method.invoke(Method.java:498)
	at org.apache.maven.surefire.util.ReflectionUtils.invokeMethodWithArray2(ReflectionUtils.java:202)
	at org.apache.maven.surefire.booter.ProviderFactory$ProviderProxy.invoke(ProviderFactory.java:155)
	at org.apache.maven.surefire.booter.ProviderFactory.invokeProvider(ProviderFactory.java:81)
	at org.apache.maven.plugin.surefire.InPluginVMSurefireStarter.runSuitesInProcess(InPluginVMSurefireStarter.java:82)
	at org.apache.maven.plugin.surefire.AbstractSurefireMojo.executeProvider(AbstractSurefireMojo.java:1010)
	at org.apache.maven.plugin.surefire.AbstractSurefireMojo.executeAfterPreconditionsChecked(AbstractSurefireMojo.java:862)
	at org.apache.maven.plugin.surefire.AbstractSurefireMojo.execute(AbstractSurefireMojo.java:755)
	at org.apache.maven.plugin.DefaultBuildPluginManager.executeMojo(DefaultBuildPluginManager.java:137)
	at org.apache.maven.lifecycle.internal.MojoExecutor.execute(MojoExecutor.java:208)
	at org.apache.maven.lifecycle.internal.MojoExecutor.execute(MojoExecutor.java:154)
	at org.apache.maven.lifecycle.internal.MojoExecutor.execute(MojoExecutor.java:146)
	at org.apache.maven.lifecycle.internal.LifecycleModuleBuilder.buildProject(LifecycleModuleBuilder.java:117)
	at org.apache.maven.lifecycle.internal.LifecycleModuleBuilder.buildProject(LifecycleModuleBuilder.java:81)
	at org.apache.maven.lifecycle.internal.builder.singlethreaded.SingleThreadedBuilder.build(SingleThreadedBuilder.java:56)
	at org.apache.maven.lifecycle.internal.LifecycleStarter.execute(LifecycleStarter.java:128)
	at org.apache.maven.DefaultMaven.doExecute(DefaultMaven.java:305)
	at org.apache.maven.DefaultMaven.doExecute(DefaultMaven.java:192)
	at org.apache.maven.DefaultMaven.execute(DefaultMaven.java:105)
	at org.apache.maven.cli.MavenCli.execute(MavenCli.java:956)
	at org.apache.maven.cli.MavenCli.doMain(MavenCli.java:290)
	at org.apache.maven.cli.MavenCli.main(MavenCli.java:194)
	at sun.reflect.NativeMethodAccessorImpl.invoke0(Native Method)
	at sun.reflect.NativeMethodAccessorImpl.invoke(NativeMethodAccessorImpl.java:62)
	at sun.reflect.DelegatingMethodAccessorImpl.invoke(DelegatingMethodAccessorImpl.java:43)
	at java.lang.reflect.Method.invoke(Method.java:498)
	at org.codehaus.plexus.classworlds.launcher.Launcher.launchEnhanced(Launcher.java:289)
	at org.codehaus.plexus.classworlds.launcher.Launcher.launch(Launcher.java:229)
	at org.codehaus.plexus.classworlds.launcher.Launcher.mainWithExitCode(Launcher.java:415)
	at org.codehaus.plexus.classworlds.launcher.Launcher.main(Launcher.java:356)
java.io.FileNotFoundException: C:\Users\Mamga\git\repository\crmtest\target\src\main\java\com\crm\qa\config\config.properties (The system cannot find the path specified)
	at java.io.FileInputStream.open0(Native Method)
	at java.io.FileInputStream.open(FileInputStream.java:195)
	at java.io.FileInputStream.<init>(FileInputStream.java:138)
	at java.io.FileInputStream.<init>(FileInputStream.java:93)
	at com.crm.qa.base.TestBase.<init>(TestBase.java:30)
	at com.crm.qa.testcases.HomePageTest.<init>(HomePageTest.java:26)
	at sun.reflect.NativeConstructorAccessorImpl.newInstance0(Native Method)
	at sun.reflect.NativeConstructorAccessorImpl.newInstance(NativeConstructorAccessorImpl.java:62)
	at sun.reflect.DelegatingConstructorAccessorImpl.newInstance(DelegatingConstructorAccessorImpl.java:45)
	at java.lang.reflect.Constructor.newInstance(Constructor.java:423)
	at org.testng.internal.ObjectFactoryImpl.newInstance(ObjectFactoryImpl.java:23)
	at org.testng.internal.ClassHelper.createInstance1(ClassHelper.java:410)
	at org.testng.internal.ClassHelper.createInstance(ClassHelper.java:323)
	at org.testng.internal.ClassImpl.getDefaultInstance(ClassImpl.java:126)
	at org.testng.internal.ClassImpl.getInstances(ClassImpl.java:191)
	at org.testng.TestClass.getInstances(TestClass.java:99)
	at org.testng.TestClass.initTestClassesAndInstances(TestClass.java:85)
	at org.testng.TestClass.init(TestClass.java:77)
	at org.testng.TestClass.<init>(TestClass.java:42)
	at org.testng.TestRunner.initMethods(TestRunner.java:423)
	at org.testng.TestRunner.init(TestRunner.java:250)
	at org.testng.TestRunner.init(TestRunner.java:220)
	at org.testng.TestRunner.<init>(TestRunner.java:161)
	at org.testng.SuiteRunner$DefaultTestRunnerFactory.newTestRunner(SuiteRunner.java:578)
	at org.testng.SuiteRunner.init(SuiteRunner.java:185)
	at org.testng.SuiteRunner.<init>(SuiteRunner.java:131)
	at org.testng.TestNG.createSuiteRunner(TestNG.java:1383)
	at org.testng.TestNG.createSuiteRunners(TestNG.java:1363)
	at org.testng.TestNG.runSuitesLocally(TestNG.java:1217)
	at org.testng.TestNG.runSuites(TestNG.java:1144)
	at org.testng.TestNG.run(TestNG.java:1115)
	at org.apache.maven.surefire.testng.TestNGExecutor.run(TestNGExecutor.java:281)
	at org.apache.maven.surefire.testng.TestNGXmlTestSuite.execute(TestNGXmlTestSuite.java:75)
	at org.apache.maven.surefire.testng.TestNGProvider.invoke(TestNGProvider.java:121)
	at sun.reflect.NativeMethodAccessorImpl.invoke0(Native Method)
	at sun.reflect.NativeMethodAccessorImpl.invoke(NativeMethodAccessorImpl.java:62)
	at sun.reflect.DelegatingMethodAccessorImpl.invoke(DelegatingMethodAccessorImpl.java:43)
	at java.lang.reflect.Method.invoke(Method.java:498)
	at org.apache.maven.surefire.util.ReflectionUtils.invokeMethodWithArray2(ReflectionUtils.java:202)
	at org.apache.maven.surefire.booter.ProviderFactory$ProviderProxy.invoke(ProviderFactory.java:155)
	at org.apache.maven.surefire.booter.ProviderFactory.invokeProvider(ProviderFactory.java:81)
	at org.apache.maven.plugin.surefire.InPluginVMSurefireStarter.runSuitesInProcess(InPluginVMSurefireStarter.java:82)
	at org.apache.maven.plugin.surefire.AbstractSurefireMojo.executeProvider(AbstractSurefireMojo.java:1010)
	at org.apache.maven.plugin.surefire.AbstractSurefireMojo.executeAfterPreconditionsChecked(AbstractSurefireMojo.java:862)
	at org.apache.maven.plugin.surefire.AbstractSurefireMojo.execute(AbstractSurefireMojo.java:755)
	at org.apache.maven.plugin.DefaultBuildPluginManager.executeMojo(DefaultBuildPluginManager.java:137)
	at org.apache.maven.lifecycle.internal.MojoExecutor.execute(MojoExecutor.java:208)
	at org.apache.maven.lifecycle.internal.MojoExecutor.execute(MojoExecutor.java:154)
	at org.apache.maven.lifecycle.internal.MojoExecutor.execute(MojoExecutor.java:146)
	at org.apache.maven.lifecycle.internal.LifecycleModuleBuilder.buildProject(LifecycleModuleBuilder.java:117)
	at org.apache.maven.lifecycle.internal.LifecycleModuleBuilder.buildProject(LifecycleModuleBuilder.java:81)
	at org.apache.maven.lifecycle.internal.builder.singlethreaded.SingleThreadedBuilder.build(SingleThreadedBuilder.java:56)
	at org.apache.maven.lifecycle.internal.LifecycleStarter.execute(LifecycleStarter.java:128)
	at org.apache.maven.DefaultMaven.doExecute(DefaultMaven.java:305)
	at org.apache.maven.DefaultMaven.doExecute(DefaultMaven.java:192)
	at org.apache.maven.DefaultMaven.execute(DefaultMaven.java:105)
	at org.apache.maven.cli.MavenCli.execute(MavenCli.java:956)
	at org.apache.maven.cli.MavenCli.doMain(MavenCli.java:290)
	at org.apache.maven.cli.MavenCli.main(MavenCli.java:194)
	at sun.reflect.NativeMethodAccessorImpl.invoke0(Native Method)
	at sun.reflect.NativeMethodAccessorImpl.invoke(NativeMethodAccessorImpl.java:62)
	at sun.reflect.DelegatingMethodAccessorImpl.invoke(DelegatingMethodAccessorImpl.java:43)
	at java.lang.reflect.Method.invoke(Method.java:498)
	at org.codehaus.plexus.classworlds.launcher.Launcher.launchEnhanced(Launcher.java:289)
	at org.codehaus.plexus.classworlds.launcher.Launcher.launch(Launcher.java:229)
	at org.codehaus.plexus.classworlds.launcher.Launcher.mainWithExitCode(Launcher.java:415)
	at org.codehaus.plexus.classworlds.launcher.Launcher.main(Launcher.java:356)
java.io.FileNotFoundException: C:\Users\Mamga\git\repository\crmtest\target\src\main\java\com\crm\qa\config\config.properties (The system cannot find the path specified)
	at java.io.FileInputStream.open0(Native Method)
	at java.io.FileInputStream.open(FileInputStream.java:195)
	at java.io.FileInputStream.<init>(FileInputStream.java:138)
	at java.io.FileInputStream.<init>(FileInputStream.java:93)
	at com.crm.qa.base.TestBase.<init>(TestBase.java:30)
	at com.crm.qa.testcases.ContactsPageTest.<init>(ContactsPageTest.java:31)
	at sun.reflect.NativeConstructorAccessorImpl.newInstance0(Native Method)
	at sun.reflect.NativeConstructorAccessorImpl.newInstance(NativeConstructorAccessorImpl.java:62)
	at sun.reflect.DelegatingConstructorAccessorImpl.newInstance(DelegatingConstructorAccessorImpl.java:45)
	at java.lang.reflect.Constructor.newInstance(Constructor.java:423)
	at org.testng.internal.ObjectFactoryImpl.newInstance(ObjectFactoryImpl.java:23)
	at org.testng.internal.ClassHelper.createInstance1(ClassHelper.java:410)
	at org.testng.internal.ClassHelper.createInstance(ClassHelper.java:323)
	at org.testng.internal.ClassImpl.getDefaultInstance(ClassImpl.java:126)
	at org.testng.internal.ClassImpl.getInstances(ClassImpl.java:191)
	at org.testng.TestClass.getInstances(TestClass.java:99)
	at org.testng.TestClass.initTestClassesAndInstances(TestClass.java:85)
	at org.testng.TestClass.init(TestClass.java:77)
	at org.testng.TestClass.<init>(TestClass.java:42)
	at org.testng.TestRunner.initMethods(TestRunner.java:423)
	at org.testng.TestRunner.init(TestRunner.java:250)
	at org.testng.TestRunner.init(TestRunner.java:220)
	at org.testng.TestRunner.<init>(TestRunner.java:161)
	at org.testng.SuiteRunner$DefaultTestRunnerFactory.newTestRunner(SuiteRunner.java:578)
	at org.testng.SuiteRunner.init(SuiteRunner.java:185)
	at org.testng.SuiteRunner.<init>(SuiteRunner.java:131)
	at org.testng.TestNG.createSuiteRunner(TestNG.java:1383)
	at org.testng.TestNG.createSuiteRunners(TestNG.java:1363)
	at org.testng.TestNG.runSuitesLocally(TestNG.java:1217)
	at org.testng.TestNG.runSuites(TestNG.java:1144)
	at org.testng.TestNG.run(TestNG.java:1115)
	at org.apache.maven.surefire.testng.TestNGExecutor.run(TestNGExecutor.java:281)
	at org.apache.maven.surefire.testng.TestNGXmlTestSuite.execute(TestNGXmlTestSuite.java:75)
	at org.apache.maven.surefire.testng.TestNGProvider.invoke(TestNGProvider.java:121)
	at sun.reflect.NativeMethodAccessorImpl.invoke0(Native Method)
	at sun.reflect.NativeMethodAccessorImpl.invoke(NativeMethodAccessorImpl.java:62)
	at sun.reflect.DelegatingMethodAccessorImpl.invoke(DelegatingMethodAccessorImpl.java:43)
	at java.lang.reflect.Method.invoke(Method.java:498)
	at org.apache.maven.surefire.util.ReflectionUtils.invokeMethodWithArray2(ReflectionUtils.java:202)
	at org.apache.maven.surefire.booter.ProviderFactory$ProviderProxy.invoke(ProviderFactory.java:155)
	at org.apache.maven.surefire.booter.ProviderFactory.invokeProvider(ProviderFactory.java:81)
	at org.apache.maven.plugin.surefire.InPluginVMSurefireStarter.runSuitesInProcess(InPluginVMSurefireStarter.java:82)
	at org.apache.maven.plugin.surefire.AbstractSurefireMojo.executeProvider(AbstractSurefireMojo.java:1010)
	at org.apache.maven.plugin.surefire.AbstractSurefireMojo.executeAfterPreconditionsChecked(AbstractSurefireMojo.java:862)
	at org.apache.maven.plugin.surefire.AbstractSurefireMojo.execute(AbstractSurefireMojo.java:755)
	at org.apache.maven.plugin.DefaultBuildPluginManager.executeMojo(DefaultBuildPluginManager.java:137)
	at org.apache.maven.lifecycle.internal.MojoExecutor.execute(MojoExecutor.java:208)
	at org.apache.maven.lifecycle.internal.MojoExecutor.execute(MojoExecutor.java:154)
	at org.apache.maven.lifecycle.internal.MojoExecutor.execute(MojoExecutor.java:146)
	at org.apache.maven.lifecycle.internal.LifecycleModuleBuilder.buildProject(LifecycleModuleBuilder.java:117)
	at org.apache.maven.lifecycle.internal.LifecycleModuleBuilder.buildProject(LifecycleModuleBuilder.java:81)
	at org.apache.maven.lifecycle.internal.builder.singlethreaded.SingleThreadedBuilder.build(SingleThreadedBuilder.java:56)
	at org.apache.maven.lifecycle.internal.LifecycleStarter.execute(LifecycleStarter.java:128)
	at org.apache.maven.DefaultMaven.doExecute(DefaultMaven.java:305)
	at org.apache.maven.DefaultMaven.doExecute(DefaultMaven.java:192)
	at org.apache.maven.DefaultMaven.execute(DefaultMaven.java:105)
	at org.apache.maven.cli.MavenCli.execute(MavenCli.java:956)
	at org.apache.maven.cli.MavenCli.doMain(MavenCli.java:290)
	at org.apache.maven.cli.MavenCli.main(MavenCli.java:194)
	at sun.reflect.NativeMethodAccessorImpl.invoke0(Native Method)
	at sun.reflect.NativeMethodAccessorImpl.invoke(NativeMethodAccessorImpl.java:62)
	at sun.reflect.DelegatingMethodAccessorImpl.invoke(DelegatingMethodAccessorImpl.java:43)
	at java.lang.reflect.Method.invoke(Method.java:498)
	at org.codehaus.plexus.classworlds.launcher.Launcher.launchEnhanced(Launcher.java:289)
	at org.codehaus.plexus.classworlds.launcher.Launcher.launch(Launcher.java:229)
	at org.codehaus.plexus.classworlds.launcher.Launcher.mainWithExitCode(Launcher.java:415)
	at org.codehaus.plexus.classworlds.launcher.Launcher.main(Launcher.java:356)
java.io.FileNotFoundException: C:\Users\Mamga\git\repository\crmtest\target\src\main\java\com\crm\qa\config\config.properties (The system cannot find the path specified)
	at java.io.FileInputStream.open0(Native Method)
	at java.io.FileInputStream.open(FileInputStream.java:195)
	at java.io.FileInputStream.<init>(FileInputStream.java:138)
	at java.io.FileInputStream.<init>(FileInputStream.java:93)
	at com.crm.qa.base.TestBase.<init>(TestBase.java:30)
	at com.crm.qa.testcases.DealsPageTest.<init>(DealsPageTest.java:32)
	at sun.reflect.NativeConstructorAccessorImpl.newInstance0(Native Method)
	at sun.reflect.NativeConstructorAccessorImpl.newInstance(NativeConstructorAccessorImpl.java:62)
	at sun.reflect.DelegatingConstructorAccessorImpl.newInstance(DelegatingConstructorAccessorImpl.java:45)
	at java.lang.reflect.Constructor.newInstance(Constructor.java:423)
	at org.testng.internal.ObjectFactoryImpl.newInstance(ObjectFactoryImpl.java:23)
	at org.testng.internal.ClassHelper.createInstance1(ClassHelper.java:410)
	at org.testng.internal.ClassHelper.createInstance(ClassHelper.java:323)
	at org.testng.internal.ClassImpl.getDefaultInstance(ClassImpl.java:126)
	at org.testng.internal.ClassImpl.getInstances(ClassImpl.java:191)
	at org.testng.TestClass.getInstances(TestClass.java:99)
	at org.testng.TestClass.initTestClassesAndInstances(TestClass.java:85)
	at org.testng.TestClass.init(TestClass.java:77)
	at org.testng.TestClass.<init>(TestClass.java:42)
	at org.testng.TestRunner.initMethods(TestRunner.java:423)
	at org.testng.TestRunner.init(TestRunner.java:250)
	at org.testng.TestRunner.init(TestRunner.java:220)
	at org.testng.TestRunner.<init>(TestRunner.java:161)
	at org.testng.SuiteRunner$DefaultTestRunnerFactory.newTestRunner(SuiteRunner.java:578)
	at org.testng.SuiteRunner.init(SuiteRunner.java:185)
	at org.testng.SuiteRunner.<init>(SuiteRunner.java:131)
	at org.testng.TestNG.createSuiteRunner(TestNG.java:1383)
	at org.testng.TestNG.createSuiteRunners(TestNG.java:1363)
	at org.testng.TestNG.runSuitesLocally(TestNG.java:1217)
	at org.testng.TestNG.runSuites(TestNG.java:1144)
	at org.testng.TestNG.run(TestNG.java:1115)
	at org.apache.maven.surefire.testng.TestNGExecutor.run(TestNGExecutor.java:281)
	at org.apache.maven.surefire.testng.TestNGXmlTestSuite.execute(TestNGXmlTestSuite.java:75)
	at org.apache.maven.surefire.testng.TestNGProvider.invoke(TestNGProvider.java:121)
	at sun.reflect.NativeMethodAccessorImpl.invoke0(Native Method)
	at sun.reflect.NativeMethodAccessorImpl.invoke(NativeMethodAccessorImpl.java:62)
	at sun.reflect.DelegatingMethodAccessorImpl.invoke(DelegatingMethodAccessorImpl.java:43)
	at java.lang.reflect.Method.invoke(Method.java:498)
	at org.apache.maven.surefire.util.ReflectionUtils.invokeMethodWithArray2(ReflectionUtils.java:202)
	at org.apache.maven.surefire.booter.ProviderFactory$ProviderProxy.invoke(ProviderFactory.java:155)
	at org.apache.maven.surefire.booter.ProviderFactory.invokeProvider(ProviderFactory.java:81)
	at org.apache.maven.plugin.surefire.InPluginVMSurefireStarter.runSuitesInProcess(InPluginVMSurefireStarter.java:82)
	at org.apache.maven.plugin.surefire.AbstractSurefireMojo.executeProvider(AbstractSurefireMojo.java:1010)
	at org.apache.maven.plugin.surefire.AbstractSurefireMojo.executeAfterPreconditionsChecked(AbstractSurefireMojo.java:862)
	at org.apache.maven.plugin.surefire.AbstractSurefireMojo.execute(AbstractSurefireMojo.java:755)
	at org.apache.maven.plugin.DefaultBuildPluginManager.executeMojo(DefaultBuildPluginManager.java:137)
	at org.apache.maven.lifecycle.internal.MojoExecutor.execute(MojoExecutor.java:208)
	at org.apache.maven.lifecycle.internal.MojoExecutor.execute(MojoExecutor.java:154)
	at org.apache.maven.lifecycle.internal.MojoExecutor.execute(MojoExecutor.java:146)
	at org.apache.maven.lifecycle.internal.LifecycleModuleBuilder.buildProject(LifecycleModuleBuilder.java:117)
	at org.apache.maven.lifecycle.internal.LifecycleModuleBuilder.buildProject(LifecycleModuleBuilder.java:81)
	at org.apache.maven.lifecycle.internal.builder.singlethreaded.SingleThreadedBuilder.build(SingleThreadedBuilder.java:56)
	at org.apache.maven.lifecycle.internal.LifecycleStarter.execute(LifecycleStarter.java:128)
	at org.apache.maven.DefaultMaven.doExecute(DefaultMaven.java:305)
	at org.apache.maven.DefaultMaven.doExecute(DefaultMaven.java:192)
	at org.apache.maven.DefaultMaven.execute(DefaultMaven.java:105)
	at org.apache.maven.cli.MavenCli.execute(MavenCli.java:956)
	at org.apache.maven.cli.MavenCli.doMain(MavenCli.java:290)
	at org.apache.maven.cli.MavenCli.main(MavenCli.java:194)
	at sun.reflect.NativeMethodAccessorImpl.invoke0(Native Method)
	at sun.reflect.NativeMethodAccessorImpl.invoke(NativeMethodAccessorImpl.java:62)
	at sun.reflect.DelegatingMethodAccessorImpl.invoke(DelegatingMethodAccessorImpl.java:43)
	at java.lang.reflect.Method.invoke(Method.java:498)
	at org.codehaus.plexus.classworlds.launcher.Launcher.launchEnhanced(Launcher.java:289)
	at org.codehaus.plexus.classworlds.launcher.Launcher.launch(Launcher.java:229)
	at org.codehaus.plexus.classworlds.launcher.Launcher.mainWithExitCode(Launcher.java:415)
	at org.codehaus.plexus.classworlds.launcher.Launcher.main(Launcher.java:356)
java.io.FileNotFoundException: C:\Users\Mamga\git\repository\crmtest\target\src\main\java\com\crm\qa\config\config.properties (The system cannot find the path specified)
	at java.io.FileInputStream.open0(Native Method)
	at java.io.FileInputStream.open(FileInputStream.java:195)
	at java.io.FileInputStream.<init>(FileInputStream.java:138)
	at java.io.FileInputStream.<init>(FileInputStream.java:93)
	at com.crm.qa.base.TestBase.<init>(TestBase.java:30)
	at com.crm.qa.testcases.LoginPageDataDrivenTest.<init>(LoginPageDataDrivenTest.java:26)
	at sun.reflect.NativeConstructorAccessorImpl.newInstance0(Native Method)
	at sun.reflect.NativeConstructorAccessorImpl.newInstance(NativeConstructorAccessorImpl.java:62)
	at sun.reflect.DelegatingConstructorAccessorImpl.newInstance(DelegatingConstructorAccessorImpl.java:45)
	at java.lang.reflect.Constructor.newInstance(Constructor.java:423)
	at org.testng.internal.ObjectFactoryImpl.newInstance(ObjectFactoryImpl.java:23)
	at org.testng.internal.ClassHelper.createInstance1(ClassHelper.java:410)
	at org.testng.internal.ClassHelper.createInstance(ClassHelper.java:323)
	at org.testng.internal.ClassImpl.getDefaultInstance(ClassImpl.java:126)
	at org.testng.internal.ClassImpl.getInstances(ClassImpl.java:191)
	at org.testng.TestClass.getInstances(TestClass.java:99)
	at org.testng.TestClass.initTestClassesAndInstances(TestClass.java:85)
	at org.testng.TestClass.init(TestClass.java:77)
	at org.testng.TestClass.<init>(TestClass.java:42)
	at org.testng.TestRunner.initMethods(TestRunner.java:423)
	at org.testng.TestRunner.init(TestRunner.java:250)
	at org.testng.TestRunner.init(TestRunner.java:220)
	at org.testng.TestRunner.<init>(TestRunner.java:161)
	at org.testng.SuiteRunner$DefaultTestRunnerFactory.newTestRunner(SuiteRunner.java:578)
	at org.testng.SuiteRunner.init(SuiteRunner.java:185)
	at org.testng.SuiteRunner.<init>(SuiteRunner.java:131)
	at org.testng.TestNG.createSuiteRunner(TestNG.java:1383)
	at org.testng.TestNG.createSuiteRunners(TestNG.java:1363)
	at org.testng.TestNG.runSuitesLocally(TestNG.java:1217)
	at org.testng.TestNG.runSuites(TestNG.java:1144)
	at org.testng.TestNG.run(TestNG.java:1115)
	at org.apache.maven.surefire.testng.TestNGExecutor.run(TestNGExecutor.java:281)
	at org.apache.maven.surefire.testng.TestNGXmlTestSuite.execute(TestNGXmlTestSuite.java:75)
	at org.apache.maven.surefire.testng.TestNGProvider.invoke(TestNGProvider.java:121)
	at sun.reflect.NativeMethodAccessorImpl.invoke0(Native Method)
	at sun.reflect.NativeMethodAccessorImpl.invoke(NativeMethodAccessorImpl.java:62)
	at sun.reflect.DelegatingMethodAccessorImpl.invoke(DelegatingMethodAccessorImpl.java:43)
	at java.lang.reflect.Method.invoke(Method.java:498)
	at org.apache.maven.surefire.util.ReflectionUtils.invokeMethodWithArray2(ReflectionUtils.java:202)
	at org.apache.maven.surefire.booter.ProviderFactory$ProviderProxy.invoke(ProviderFactory.java:155)
	at org.apache.maven.surefire.booter.ProviderFactory.invokeProvider(ProviderFactory.java:81)
	at org.apache.maven.plugin.surefire.InPluginVMSurefireStarter.runSuitesInProcess(InPluginVMSurefireStarter.java:82)
	at org.apache.maven.plugin.surefire.AbstractSurefireMojo.executeProvider(AbstractSurefireMojo.java:1010)
	at org.apache.maven.plugin.surefire.AbstractSurefireMojo.executeAfterPreconditionsChecked(AbstractSurefireMojo.java:862)
	at org.apache.maven.plugin.surefire.AbstractSurefireMojo.execute(AbstractSurefireMojo.java:755)
	at org.apache.maven.plugin.DefaultBuildPluginManager.executeMojo(DefaultBuildPluginManager.java:137)
	at org.apache.maven.lifecycle.internal.MojoExecutor.execute(MojoExecutor.java:208)
	at org.apache.maven.lifecycle.internal.MojoExecutor.execute(MojoExecutor.java:154)
	at org.apache.maven.lifecycle.internal.MojoExecutor.execute(MojoExecutor.java:146)
	at org.apache.maven.lifecycle.internal.LifecycleModuleBuilder.buildProject(LifecycleModuleBuilder.java:117)
	at org.apache.maven.lifecycle.internal.LifecycleModuleBuilder.buildProject(LifecycleModuleBuilder.java:81)
	at org.apache.maven.lifecycle.internal.builder.singlethreaded.SingleThreadedBuilder.build(SingleThreadedBuilder.java:56)
	at org.apache.maven.lifecycle.internal.LifecycleStarter.execute(LifecycleStarter.java:128)
	at org.apache.maven.DefaultMaven.doExecute(DefaultMaven.java:305)
	at org.apache.maven.DefaultMaven.doExecute(DefaultMaven.java:192)
	at org.apache.maven.DefaultMaven.execute(DefaultMaven.java:105)
	at org.apache.maven.cli.MavenCli.execute(MavenCli.java:956)
	at org.apache.maven.cli.MavenCli.doMain(MavenCli.java:290)
	at org.apache.maven.cli.MavenCli.main(MavenCli.java:194)
	at sun.reflect.NativeMethodAccessorImpl.invoke0(Native Method)
	at sun.reflect.NativeMethodAccessorImpl.invoke(NativeMethodAccessorImpl.java:62)
	at sun.reflect.DelegatingMethodAccessorImpl.invoke(DelegatingMethodAccessorImpl.java:43)
	at java.lang.reflect.Method.invoke(Method.java:498)
	at org.codehaus.plexus.classworlds.launcher.Launcher.launchEnhanced(Launcher.java:289)
	at org.codehaus.plexus.classworlds.launcher.Launcher.launch(Launcher.java:229)
	at org.codehaus.plexus.classworlds.launcher.Launcher.mainWithExitCode(Launcher.java:415)
	at org.codehaus.plexus.classworlds.launcher.Launcher.main(Launcher.java:356)
]]></system-err>
  </testcase>
  <testcase name="setUp" classname="com.crm.qa.testcases.DealsPageTest" time="0">
    <skipped/>
  </testcase>
  <testcase name="setUp" classname="com.crm.qa.testcases.DealsPageTest" time="0">
    <skipped/>
  </testcase>
  <testcase name="verifyExtractDealsData" classname="com.crm.qa.testcases.DealsPageTest" time="0">
    <skipped/>
  </testcase>
  <testcase name="verifyPrintingDealsTableData" classname="com.crm.qa.testcases.DealsPageTest" time="0">
    <skipped/>
  </testcase>
  <testcase name="setUp" classname="com.crm.qa.testcases.LoginPageDataDrivenTest" time="1.316">
    <failure type="java.lang.NullPointerException">java.lang.NullPointerException
	at com.crm.qa.testcases.LoginPageDataDrivenTest.setUp(LoginPageDataDrivenTest.java:31)
</failure>
  </testcase>
  <testcase name="setUp" classname="com.crm.qa.testcases.LoginPageDataDrivenTest" time="0">
    <skipped/>
  </testcase>
  <testcase name="loginToFreeCRM" classname="com.crm.qa.testcases.LoginPageDataDrivenTest" time="0">
    <skipped/>
  </testcase>
  <testcase name="loginToFreeCRM" classname="com.crm.qa.testcases.LoginPageDataDrivenTest" time="0">
    <skipped/>
  </testcase>
  <testcase name="division" classname="com.crm.qa.testcases.MathDemo" time="0">
    <skipped message="expected [2] but found [3]"/>
    <system-out><![CDATA[DIVISION
]]></system-out>
  </testcase>
  <testcase name="division" classname="com.crm.qa.testcases.MathDemo" time="0">
    <skipped message="expected [2] but found [3]"/>
    <system-out><![CDATA[DIVISION
]]></system-out>
  </testcase>
  <testcase name="division" classname="com.crm.qa.testcases.MathDemo" time="0">
    <skipped message="expected [2] but found [3]"/>
    <system-out><![CDATA[DIVISION
]]></system-out>
  </testcase>
  <testcase name="division" classname="com.crm.qa.testcases.MathDemo" time="0">
    <failure message="expected [2] but found [3]" type="java.lang.AssertionError">java.lang.AssertionError: expected [2] but found [3]
	at com.crm.qa.testcases.MathDemo.division(MathDemo.java:20)
</failure>
    <system-out><![CDATA[DIVISION
]]></system-out>
  </testcase>
  <testcase name="sum" classname="com.crm.qa.testcases.MathDemo" time="0"/>
  <testcase name="setUp" classname="com.crm.qa.testcases.LoginPageTest" time="0">
    <failure type="java.lang.NullPointerException">java.lang.NullPointerException
	at com.crm.qa.testcases.LoginPageTest.setUp(LoginPageTest.java:30)
</failure>
  </testcase>
  <testcase name="setUp" classname="com.crm.qa.testcases.LoginPageTest" time="0">
    <skipped/>
  </testcase>
  <testcase name="verifyLoginPageTitleTest" classname="com.crm.qa.testcases.LoginPageTest" time="0">
    <skipped/>
  </testcase>
  <testcase name="setUp" classname="com.crm.qa.testcases.HomePageTest" time="0">
    <failure type="java.lang.NullPointerException">java.lang.NullPointerException
	at com.crm.qa.testcases.HomePageTest.setUp(HomePageTest.java:32)
</failure>
  </testcase>
  <testcase name="setUp" classname="com.crm.qa.testcases.HomePageTest" time="0">
    <skipped/>
  </testcase>
  <testcase name="setUp" classname="com.crm.qa.testcases.HomePageTest" time="0">
    <skipped/>
  </testcase>
  <testcase name="setUp" classname="com.crm.qa.testcases.HomePageTest" time="0">
    <skipped/>
  </testcase>
  <testcase name="verifyHomePageTitleTest" classname="com.crm.qa.testcases.HomePageTest" time="0">
    <skipped/>
  </testcase>
  <testcase name="setUp" classname="com.crm.qa.testcases.ContactsPageTest" time="0">
    <failure type="java.lang.NullPointerException">java.lang.NullPointerException
	at com.crm.qa.testcases.ContactsPageTest.setUp(ContactsPageTest.java:37)
</failure>
  </testcase>
  <testcase name="setUp" classname="com.crm.qa.testcases.ContactsPageTest" time="0">
    <skipped/>
  </testcase>
  <testcase name="setUp" classname="com.crm.qa.testcases.ContactsPageTest" time="0">
    <skipped/>
  </testcase>
  <testcase name="setUp" classname="com.crm.qa.testcases.ContactsPageTest" time="0">
    <skipped/>
  </testcase>
  <testcase name="setUp" classname="com.crm.qa.testcases.ContactsPageTest" time="0">
    <skipped/>
  </testcase>
  <testcase name="setUp" classname="com.crm.qa.testcases.ContactsPageTest" time="0">
    <skipped/>
  </testcase>
  <testcase name="setUp" classname="com.crm.qa.testcases.ContactsPageTest" time="0">
    <skipped/>
  </testcase>
  <testcase name="verifyContactsPageHeader" classname="com.crm.qa.testcases.ContactsPageTest" time="0">
    <skipped/>
  </testcase>
  <testcase name="verifyDealsPageHeader" classname="com.crm.qa.testcases.DealsPageTest" time="0">
    <skipped/>
  </testcase>
  <testcase name="loginTest" classname="com.crm.qa.testcases.LoginPageTest" time="0">
    <skipped/>
  </testcase>
  <testcase name="verifyUsernameLabelTest" classname="com.crm.qa.testcases.HomePageTest" time="0">
    <skipped/>
  </testcase>
  <testcase name="verifyCreateNewContacts" classname="com.crm.qa.testcases.ContactsPageTest" time="0">
    <skipped/>
  </testcase>
  <testcase name="verifyCreateNewContacts" classname="com.crm.qa.testcases.ContactsPageTest" time="0">
    <skipped/>
  </testcase>
  <testcase name="verifyCreateNewContacts" classname="com.crm.qa.testcases.ContactsPageTest" time="0">
    <skipped/>
  </testcase>
  <testcase name="verifyContactsLinkTest" classname="com.crm.qa.testcases.HomePageTest" time="0">
    <skipped/>
  </testcase>
  <testcase name="verifyDeleteContactByNameTest1" classname="com.crm.qa.testcases.ContactsPageTest" time="0">
    <skipped/>
  </testcase>
  <testcase name="verifyDealsLinkTest" classname="com.crm.qa.testcases.HomePageTest" time="0">
    <skipped/>
  </testcase>
  <testcase name="verifyDeleteContactByNameTest2" classname="com.crm.qa.testcases.ContactsPageTest" time="0">
    <skipped/>
  </testcase>
  <testcase name="verifyDeleteContactByNameTest3" classname="com.crm.qa.testcases.ContactsPageTest" time="0">
    <skipped/>
  </testcase>
</testsuite>